[2025-10-07 18:14:58.168] [vixLogger] [info] Using configuration file: /home/softadastra/vixcpp/vix/config/config.json
[2025-10-07 18:14:58.169] [vixLogger] [info] Config loaded from /home/softadastra/vixcpp/vix/config/config.json
[2025-10-07 18:14:58.170] [vixLogger] [info] Acceptor initialized on port 8080
[2025-10-07 18:14:58.170] [vixLogger] [info] Server request timeout set to 5000 ms
[2025-10-07 18:24:54.918] [vixLogger] [info] Using configuration file: /home/softadastra/vixcpp/vix/config/config.json
[2025-10-07 18:24:54.918] [vixLogger] [info] Config loaded from /home/softadastra/vixcpp/vix/config/config.json
[2025-10-07 18:24:54.920] [vixLogger] [info] Acceptor initialized on port 8080
[2025-10-07 18:24:54.920] [vixLogger] [info] Server request timeout set to 5000 ms
[2025-10-07 18:27:07.603] [vixLogger] [info] Using configuration file: /home/softadastra/vixcpp/vix/config/config.json
[2025-10-07 18:27:07.603] [vixLogger] [info] Config loaded from /home/softadastra/vixcpp/vix/config/config.json
[2025-10-07 18:27:07.604] [vixLogger] [info] Acceptor initialized on port 8080
[2025-10-07 18:27:07.604] [vixLogger] [info] Server request timeout set to 5000 ms
[2025-10-07 18:31:47.241] [vixLogger] [info] Using configuration file: /home/softadastra/vixcpp/vix/config/config.json
[2025-10-07 18:31:47.242] [vixLogger] [info] Config loaded from /home/softadastra/vixcpp/vix/config/config.json
[2025-10-07 18:31:47.243] [vixLogger] [info] Acceptor initialized on port 8080
[2025-10-07 18:31:47.243] [vixLogger] [info] Server request timeout set to 5000 ms
[2025-10-07 18:35:44.586] [vixLogger] [info] Using configuration file: /home/softadastra/vixcpp/vix/config/config.json
[2025-10-07 18:35:44.586] [vixLogger] [info] Config loaded from /home/softadastra/vixcpp/vix/config/config.json
[2025-10-07 18:35:44.586] [vixLogger] [info] Acceptor initialized on port 8080
[2025-10-07 18:35:44.586] [vixLogger] [info] Server request timeout set to 5000 ms
[2025-10-07 18:41:27.660] [warning] [Session] Timeout (20s), closing socket
[2025-10-07 18:41:27.660] [warning] [Session] Timeout (20s), closing socket
[2025-10-07 18:41:27.661] [warning] [Session] Timeout (20s), closing socket
[2025-10-07 18:41:27.661] [warning] [Session] Timeout (20s), closing socket
[2025-10-07 18:41:27.661] [warning] [Session] Timeout (20s), closing socket
[2025-10-07 18:41:27.661] [warning] [Session] Timeout (20s), closing socket
[2025-10-07 18:41:27.661] [warning] [Session] Timeout (20s), closing socket
[2025-10-07 18:41:27.661] [warning] [Session] Timeout (20s), closing socket
[2025-10-07 18:41:27.661] [warning] [Session] Timeout (20s), closing socket
[2025-10-07 18:41:27.661] [warning] [Session] Timeout (20s), closing socket
[2025-10-07 18:41:27.661] [warning] [Session] Timeout (20s), closing socket
[2025-10-07 18:41:27.661] [warning] [Session] Timeout (20s), closing socket
[2025-10-07 18:41:27.661] [warning] [Session] Timeout (20s), closing socket
[2025-10-07 18:41:27.661] [warning] [Session] Timeout (20s), closing socket
[2025-10-07 18:41:27.661] [warning] [Session] Timeout (20s), closing socket
[2025-10-07 18:41:27.661] [warning] [Session] Timeout (20s), closing socket
[2025-10-07 18:41:27.661] [warning] [Session] Timeout (20s), closing socket
[2025-10-07 18:41:27.661] [warning] [Session] Timeout (20s), closing socket
[2025-10-07 18:41:27.662] [warning] [Session] Timeout (20s), closing socket
[2025-10-07 18:41:27.662] [warning] [Session] Timeout (20s), closing socket
[2025-10-07 18:41:27.662] [warning] [Session] Timeout (20s), closing socket
[2025-10-07 18:41:27.662] [warning] [Session] Timeout (20s), closing socket
[2025-10-07 18:41:27.662] [warning] [Session] Timeout (20s), closing socket
[2025-10-07 18:41:27.662] [warning] [Session] Timeout (20s), closing socket
[2025-10-07 18:41:27.662] [warning] [Session] Timeout (20s), closing socket
[2025-10-07 18:41:27.662] [warning] [Session] Timeout (20s), closing socket
[2025-10-07 18:41:27.662] [warning] [Session] Timeout (20s), closing socket
[2025-10-07 18:41:27.662] [warning] [Session] Timeout (20s), closing socket
[2025-10-07 18:41:27.662] [warning] [Session] Timeout (20s), closing socket
[2025-10-07 18:41:27.662] [warning] [Session] Timeout (20s), closing socket
[2025-10-07 18:41:27.662] [warning] [Session] Timeout (20s), closing socket
[2025-10-07 18:41:27.666] [warning] [Session] Timeout (20s), closing socket
[2025-10-07 18:41:27.666] [warning] [Session] Timeout (20s), closing socket
[2025-10-07 18:41:27.666] [warning] [Session] Timeout (20s), closing socket
[2025-10-07 18:41:27.666] [warning] [Session] Timeout (20s), closing socket
[2025-10-07 18:41:27.666] [warning] [Session] Timeout (20s), closing socket
[2025-10-07 18:41:27.666] [warning] [Session] Timeout (20s), closing socket
[2025-10-07 18:41:27.666] [warning] [Session] Timeout (20s), closing socket
[2025-10-07 18:41:27.666] [warning] [Session] Timeout (20s), closing socket
[2025-10-07 18:41:27.666] [warning] [Session] Timeout (20s), closing socket
[2025-10-07 18:41:27.666] [warning] [Session] Timeout (20s), closing socket
[2025-10-07 18:41:27.666] [warning] [Session] Timeout (20s), closing socket
[2025-10-07 18:41:27.666] [warning] [Session] Timeout (20s), closing socket
[2025-10-07 18:41:27.666] [warning] [Session] Timeout (20s), closing socket
[2025-10-07 18:41:27.666] [warning] [Session] Timeout (20s), closing socket
[2025-10-07 18:41:27.666] [warning] [Session] Timeout (20s), closing socket
[2025-10-07 18:41:27.666] [warning] [Session] Timeout (20s), closing socket
[2025-10-07 18:41:27.666] [warning] [Session] Timeout (20s), closing socket
[2025-10-07 18:41:27.666] [warning] [Session] Timeout (20s), closing socket
[2025-10-07 18:41:27.666] [warning] [Session] Timeout (20s), closing socket
[2025-10-07 18:41:27.666] [warning] [Session] Timeout (20s), closing socket
[2025-10-07 18:41:27.666] [warning] [Session] Timeout (20s), closing socket
[2025-10-07 18:41:27.666] [warning] [Session] Timeout (20s), closing socket
[2025-10-07 18:41:27.666] [warning] [Session] Timeout (20s), closing socket
[2025-10-07 18:41:27.666] [warning] [Session] Timeout (20s), closing socket
[2025-10-07 18:41:27.666] [warning] [Session] Timeout (20s), closing socket
[2025-10-07 18:41:27.666] [warning] [Session] Timeout (20s), closing socket
[2025-10-07 18:41:27.666] [warning] [Session] Timeout (20s), closing socket
[2025-10-07 18:41:27.666] [warning] [Session] Timeout (20s), closing socket
[2025-10-07 18:41:27.666] [warning] [Session] Timeout (20s), closing socket
[2025-10-07 18:41:27.666] [warning] [Session] Timeout (20s), closing socket
[2025-10-07 18:41:27.666] [warning] [Session] Timeout (20s), closing socket
[2025-10-07 18:41:27.666] [warning] [Session] Timeout (20s), closing socket
[2025-10-07 18:41:27.666] [warning] [Session] Timeout (20s), closing socket
[2025-10-07 18:41:27.666] [warning] [Session] Timeout (20s), closing socket
[2025-10-07 18:41:27.666] [warning] [Session] Timeout (20s), closing socket
[2025-10-07 18:41:27.666] [warning] [Session] Timeout (20s), closing socket
[2025-10-07 18:41:27.666] [warning] [Session] Timeout (20s), closing socket
[2025-10-07 18:41:27.666] [warning] [Session] Timeout (20s), closing socket
[2025-10-07 18:41:27.667] [warning] [Session] Timeout (20s), closing socket
[2025-10-07 18:41:27.667] [warning] [Session] Timeout (20s), closing socket
[2025-10-07 18:41:27.667] [warning] [Session] Timeout (20s), closing socket
[2025-10-07 18:41:27.667] [warning] [Session] Timeout (20s), closing socket
[2025-10-07 18:41:27.667] [warning] [Session] Timeout (20s), closing socket
[2025-10-07 18:41:27.667] [warning] [Session] Timeout (20s), closing socket
[2025-10-07 18:41:27.667] [warning] [Session] Timeout (20s), closing socket
[2025-10-07 18:41:27.667] [warning] [Session] Timeout (20s), closing socket
[2025-10-07 18:41:27.667] [warning] [Session] Timeout (20s), closing socket
[2025-10-07 18:41:27.667] [warning] [Session] Timeout (20s), closing socket
[2025-10-07 18:41:27.667] [warning] [Session] Timeout (20s), closing socket
[2025-10-07 18:41:27.667] [warning] [Session] Timeout (20s), closing socket
[2025-10-07 18:41:27.667] [warning] [Session] Timeout (20s), closing socket
[2025-10-07 18:41:27.667] [warning] [Session] Timeout (20s), closing socket
[2025-10-07 18:41:27.667] [warning] [Session] Timeout (20s), closing socket
[2025-10-07 18:41:27.667] [warning] [Session] Timeout (20s), closing socket
[2025-10-07 18:41:27.667] [warning] [Session] Timeout (20s), closing socket
[2025-10-07 18:41:27.667] [warning] [Session] Timeout (20s), closing socket
[2025-10-07 18:41:27.667] [warning] [Session] Timeout (20s), closing socket
[2025-10-07 18:41:27.667] [warning] [Session] Timeout (20s), closing socket
[2025-10-07 18:41:27.668] [warning] [Session] Timeout (20s), closing socket
[2025-10-07 18:41:27.668] [warning] [Session] Timeout (20s), closing socket
[2025-10-07 18:41:27.669] [warning] [Session] Timeout (20s), closing socket
[2025-10-07 18:41:27.669] [warning] [Session] Timeout (20s), closing socket
[2025-10-07 18:41:27.669] [warning] [Session] Timeout (20s), closing socket
[2025-10-07 18:41:27.669] [warning] [Session] Timeout (20s), closing socket
[2025-10-07 18:41:27.669] [warning] [Session] Timeout (20s), closing socket
[2025-10-07 18:41:27.669] [warning] [Session] Timeout (20s), closing socket
[2025-10-07 18:41:27.669] [warning] [Session] Timeout (20s), closing socket
[2025-10-07 18:41:27.669] [warning] [Session] Timeout (20s), closing socket
[2025-10-07 18:41:27.669] [warning] [Session] Timeout (20s), closing socket
[2025-10-07 18:41:27.669] [warning] [Session] Timeout (20s), closing socket
[2025-10-07 18:41:27.669] [warning] [Session] Timeout (20s), closing socket
[2025-10-07 18:41:27.669] [warning] [Session] Timeout (20s), closing socket
[2025-10-07 18:41:27.669] [warning] [Session] Timeout (20s), closing socket
[2025-10-07 18:41:27.669] [warning] [Session] Timeout (20s), closing socket
[2025-10-07 18:41:27.669] [warning] [Session] Timeout (20s), closing socket
[2025-10-07 18:41:27.669] [warning] [Session] Timeout (20s), closing socket
[2025-10-07 18:41:27.669] [warning] [Session] Timeout (20s), closing socket
[2025-10-07 18:41:27.669] [warning] [Session] Timeout (20s), closing socket
[2025-10-07 18:41:27.669] [warning] [Session] Timeout (20s), closing socket
[2025-10-07 18:41:27.669] [warning] [Session] Timeout (20s), closing socket
[2025-10-07 18:41:27.669] [warning] [Session] Timeout (20s), closing socket
[2025-10-07 18:41:27.669] [warning] [Session] Timeout (20s), closing socket
[2025-10-07 18:41:27.669] [warning] [Session] Timeout (20s), closing socket
[2025-10-07 18:41:27.669] [warning] [Session] Timeout (20s), closing socket
[2025-10-07 18:41:27.669] [warning] [Session] Timeout (20s), closing socket
[2025-10-07 18:41:27.669] [warning] [Session] Timeout (20s), closing socket
[2025-10-07 18:41:27.669] [warning] [Session] Timeout (20s), closing socket
[2025-10-07 18:41:27.669] [warning] [Session] Timeout (20s), closing socket
[2025-10-07 18:41:27.669] [warning] [Session] Timeout (20s), closing socket
[2025-10-07 18:41:27.669] [warning] [Session] Timeout (20s), closing socket
[2025-10-07 18:41:27.669] [warning] [Session] Timeout (20s), closing socket
[2025-10-07 18:41:27.670] [warning] [Session] Timeout (20s), closing socket
[2025-10-07 18:41:27.670] [warning] [Session] Timeout (20s), closing socket
[2025-10-07 18:41:27.670] [warning] [Session] Timeout (20s), closing socket
[2025-10-07 18:41:27.670] [warning] [Session] Timeout (20s), closing socket
[2025-10-07 18:41:27.670] [warning] [Session] Timeout (20s), closing socket
[2025-10-07 18:41:27.670] [warning] [Session] Timeout (20s), closing socket
[2025-10-07 18:41:27.670] [warning] [Session] Timeout (20s), closing socket
[2025-10-07 18:41:27.670] [warning] [Session] Timeout (20s), closing socket
[2025-10-07 18:41:27.670] [warning] [Session] Timeout (20s), closing socket
[2025-10-07 18:41:27.670] [warning] [Session] Timeout (20s), closing socket
[2025-10-07 18:41:27.670] [warning] [Session] Timeout (20s), closing socket
[2025-10-07 18:41:27.670] [warning] [Session] Timeout (20s), closing socket
[2025-10-07 18:41:27.670] [warning] [Session] Timeout (20s), closing socket
[2025-10-07 18:41:27.670] [warning] [Session] Timeout (20s), closing socket
[2025-10-07 18:41:27.670] [warning] [Session] Timeout (20s), closing socket
[2025-10-07 18:41:27.670] [warning] [Session] Timeout (20s), closing socket
[2025-10-07 18:41:27.670] [warning] [Session] Timeout (20s), closing socket
[2025-10-07 18:41:27.670] [warning] [Session] Timeout (20s), closing socket
[2025-10-07 18:41:27.670] [warning] [Session] Timeout (20s), closing socket
[2025-10-07 18:41:27.670] [warning] [Session] Timeout (20s), closing socket
[2025-10-07 18:41:27.670] [warning] [Session] Timeout (20s), closing socket
[2025-10-07 18:41:27.670] [warning] [Session] Timeout (20s), closing socket
[2025-10-07 18:41:27.670] [warning] [Session] Timeout (20s), closing socket
[2025-10-07 18:41:27.670] [warning] [Session] Timeout (20s), closing socket
[2025-10-07 18:41:27.670] [warning] [Session] Timeout (20s), closing socket
[2025-10-07 18:41:27.670] [warning] [Session] Timeout (20s), closing socket
[2025-10-07 18:41:27.670] [warning] [Session] Timeout (20s), closing socket
[2025-10-07 18:41:27.670] [warning] [Session] Timeout (20s), closing socket
[2025-10-07 18:41:27.670] [warning] [Session] Timeout (20s), closing socket
[2025-10-07 18:41:27.670] [warning] [Session] Timeout (20s), closing socket
[2025-10-07 18:41:27.670] [warning] [Session] Timeout (20s), closing socket
[2025-10-07 18:41:27.670] [warning] [Session] Timeout (20s), closing socket
[2025-10-07 18:41:27.671] [warning] [Session] Timeout (20s), closing socket
[2025-10-07 18:41:27.671] [warning] [Session] Timeout (20s), closing socket
[2025-10-07 18:41:27.671] [warning] [Session] Timeout (20s), closing socket
[2025-10-07 18:41:27.671] [warning] [Session] Timeout (20s), closing socket
[2025-10-07 18:41:27.671] [warning] [Session] Timeout (20s), closing socket
[2025-10-07 18:41:27.671] [warning] [Session] Timeout (20s), closing socket
[2025-10-07 18:41:27.671] [warning] [Session] Timeout (20s), closing socket
[2025-10-07 18:41:27.671] [warning] [Session] Timeout (20s), closing socket
[2025-10-07 18:41:27.671] [warning] [Session] Timeout (20s), closing socket
[2025-10-07 18:41:27.671] [warning] [Session] Timeout (20s), closing socket
[2025-10-07 18:41:27.671] [warning] [Session] Timeout (20s), closing socket
[2025-10-07 18:41:27.671] [warning] [Session] Timeout (20s), closing socket
[2025-10-07 18:41:27.671] [warning] [Session] Timeout (20s), closing socket
[2025-10-07 18:41:27.671] [warning] [Session] Timeout (20s), closing socket
[2025-10-07 18:41:27.671] [warning] [Session] Timeout (20s), closing socket
[2025-10-07 18:41:27.671] [warning] [Session] Timeout (20s), closing socket
[2025-10-07 18:41:27.671] [warning] [Session] Timeout (20s), closing socket
[2025-10-07 18:41:27.671] [warning] [Session] Timeout (20s), closing socket
[2025-10-07 18:41:27.671] [warning] [Session] Timeout (20s), closing socket
[2025-10-07 18:41:27.671] [warning] [Session] Timeout (20s), closing socket
[2025-10-07 18:41:27.671] [warning] [Session] Timeout (20s), closing socket
[2025-10-07 18:41:27.671] [warning] [Session] Timeout (20s), closing socket
[2025-10-07 18:41:27.671] [warning] [Session] Timeout (20s), closing socket
[2025-10-07 18:41:27.671] [warning] [Session] Timeout (20s), closing socket
[2025-10-07 18:41:27.671] [warning] [Session] Timeout (20s), closing socket
[2025-10-07 18:41:27.671] [warning] [Session] Timeout (20s), closing socket
[2025-10-07 18:41:27.671] [warning] [Session] Timeout (20s), closing socket
[2025-10-07 18:41:27.671] [warning] [Session] Timeout (20s), closing socket
[2025-10-07 18:41:27.671] [warning] [Session] Timeout (20s), closing socket
[2025-10-07 18:41:27.671] [warning] [Session] Timeout (20s), closing socket
[2025-10-07 18:41:27.671] [warning] [Session] Timeout (20s), closing socket
[2025-10-07 18:41:27.671] [warning] [Session] Timeout (20s), closing socket
[2025-10-07 18:41:27.671] [warning] [Session] Timeout (20s), closing socket
[2025-10-07 18:41:27.671] [warning] [Session] Timeout (20s), closing socket
[2025-10-07 18:41:27.671] [warning] [Session] Timeout (20s), closing socket
[2025-10-07 18:41:27.671] [warning] [Session] Timeout (20s), closing socket
[2025-10-07 18:41:27.671] [warning] [Session] Timeout (20s), closing socket
[2025-10-07 18:41:27.672] [warning] [Session] Timeout (20s), closing socket
[2025-10-07 18:41:27.672] [warning] [Session] Timeout (20s), closing socket
[2025-10-07 18:41:27.672] [warning] [Session] Timeout (20s), closing socket
[2025-10-07 18:41:27.672] [warning] [Session] Timeout (20s), closing socket
[2025-10-07 18:41:27.672] [warning] [Session] Timeout (20s), closing socket
[2025-10-07 18:41:27.672] [warning] [Session] Timeout (20s), closing socket
[2025-10-07 18:41:27.672] [warning] [Session] Timeout (20s), closing socket
[2025-10-07 18:41:27.672] [warning] [Session] Timeout (20s), closing socket
[2025-10-07 18:41:27.672] [warning] [Session] Timeout (20s), closing socket
[2025-10-07 18:42:27.809] [warning] [Session] Timeout (20s), closing socket
[2025-10-07 18:42:27.809] [warning] [Session] Timeout (20s), closing socket
[2025-10-07 18:42:27.809] [warning] [Session] Timeout (20s), closing socket
[2025-10-07 18:42:27.809] [warning] [Session] Timeout (20s), closing socket
[2025-10-07 18:42:27.809] [warning] [Session] Timeout (20s), closing socket
[2025-10-07 18:42:27.809] [warning] [Session] Timeout (20s), closing socket
[2025-10-07 18:42:27.809] [warning] [Session] Timeout (20s), closing socket
[2025-10-07 18:42:27.810] [warning] [Session] Timeout (20s), closing socket
[2025-10-07 18:42:27.810] [warning] [Session] Timeout (20s), closing socket
[2025-10-07 18:42:27.810] [warning] [Session] Timeout (20s), closing socket
[2025-10-07 18:42:27.810] [warning] [Session] Timeout (20s), closing socket
[2025-10-07 18:42:27.810] [warning] [Session] Timeout (20s), closing socket
[2025-10-07 18:42:27.810] [warning] [Session] Timeout (20s), closing socket
[2025-10-07 18:42:27.810] [warning] [Session] Timeout (20s), closing socket
[2025-10-07 18:42:27.810] [warning] [Session] Timeout (20s), closing socket
[2025-10-07 18:42:27.813] [warning] [Session] Timeout (20s), closing socket
[2025-10-07 18:42:27.813] [warning] [Session] Timeout (20s), closing socket
[2025-10-07 18:42:27.813] [warning] [Session] Timeout (20s), closing socket
[2025-10-07 18:42:27.813] [warning] [Session] Timeout (20s), closing socket
[2025-10-07 18:42:27.813] [warning] [Session] Timeout (20s), closing socket
[2025-10-07 18:42:27.813] [warning] [Session] Timeout (20s), closing socket
[2025-10-07 18:42:27.813] [warning] [Session] Timeout (20s), closing socket
[2025-10-07 18:42:27.813] [warning] [Session] Timeout (20s), closing socket
[2025-10-07 18:42:27.813] [warning] [Session] Timeout (20s), closing socket
[2025-10-07 18:42:27.813] [warning] [Session] Timeout (20s), closing socket
[2025-10-07 18:42:27.813] [warning] [Session] Timeout (20s), closing socket
[2025-10-07 18:42:27.813] [warning] [Session] Timeout (20s), closing socket
[2025-10-07 18:42:27.813] [warning] [Session] Timeout (20s), closing socket
[2025-10-07 18:42:27.813] [warning] [Session] Timeout (20s), closing socket
[2025-10-07 18:42:27.813] [warning] [Session] Timeout (20s), closing socket
[2025-10-07 18:42:27.813] [warning] [Session] Timeout (20s), closing socket
[2025-10-07 18:42:27.813] [warning] [Session] Timeout (20s), closing socket
[2025-10-07 18:42:27.813] [warning] [Session] Timeout (20s), closing socket
[2025-10-07 18:42:27.813] [warning] [Session] Timeout (20s), closing socket
[2025-10-07 18:42:27.813] [warning] [Session] Timeout (20s), closing socket
[2025-10-07 18:42:27.813] [warning] [Session] Timeout (20s), closing socket
[2025-10-07 18:42:27.813] [warning] [Session] Timeout (20s), closing socket
[2025-10-07 18:42:27.813] [warning] [Session] Timeout (20s), closing socket
[2025-10-07 18:42:27.813] [warning] [Session] Timeout (20s), closing socket
[2025-10-07 18:42:27.813] [warning] [Session] Timeout (20s), closing socket
[2025-10-07 18:42:27.813] [warning] [Session] Timeout (20s), closing socket
[2025-10-07 18:42:27.814] [warning] [Session] Timeout (20s), closing socket
[2025-10-07 18:42:27.814] [warning] [Session] Timeout (20s), closing socket
[2025-10-07 18:42:27.814] [warning] [Session] Timeout (20s), closing socket
[2025-10-07 18:42:27.814] [warning] [Session] Timeout (20s), closing socket
[2025-10-07 18:42:27.814] [warning] [Session] Timeout (20s), closing socket
[2025-10-07 18:42:27.814] [warning] [Session] Timeout (20s), closing socket
[2025-10-07 18:42:27.814] [warning] [Session] Timeout (20s), closing socket
[2025-10-07 18:42:27.814] [warning] [Session] Timeout (20s), closing socket
[2025-10-07 18:42:27.814] [warning] [Session] Timeout (20s), closing socket
[2025-10-07 18:42:27.814] [warning] [Session] Timeout (20s), closing socket
[2025-10-07 18:42:27.814] [warning] [Session] Timeout (20s), closing socket
[2025-10-07 18:42:27.814] [warning] [Session] Timeout (20s), closing socket
[2025-10-07 18:42:27.814] [warning] [Session] Timeout (20s), closing socket
[2025-10-07 18:42:27.814] [warning] [Session] Timeout (20s), closing socket
[2025-10-07 18:42:27.814] [warning] [Session] Timeout (20s), closing socket
[2025-10-07 18:42:27.814] [warning] [Session] Timeout (20s), closing socket
[2025-10-07 18:42:27.814] [warning] [Session] Timeout (20s), closing socket
[2025-10-07 18:42:27.814] [warning] [Session] Timeout (20s), closing socket
[2025-10-07 18:42:27.814] [warning] [Session] Timeout (20s), closing socket
[2025-10-07 18:42:27.814] [warning] [Session] Timeout (20s), closing socket
[2025-10-07 18:42:27.814] [warning] [Session] Timeout (20s), closing socket
[2025-10-07 18:42:27.814] [warning] [Session] Timeout (20s), closing socket
[2025-10-07 18:42:27.814] [warning] [Session] Timeout (20s), closing socket
[2025-10-07 18:42:27.814] [warning] [Session] Timeout (20s), closing socket
[2025-10-07 18:42:27.814] [warning] [Session] Timeout (20s), closing socket
[2025-10-07 18:42:27.814] [warning] [Session] Timeout (20s), closing socket
[2025-10-07 18:42:27.815] [warning] [Session] Timeout (20s), closing socket
[2025-10-07 18:42:27.815] [warning] [Session] Timeout (20s), closing socket
[2025-10-07 18:42:27.815] [warning] [Session] Timeout (20s), closing socket
[2025-10-07 18:42:27.815] [warning] [Session] Timeout (20s), closing socket
[2025-10-07 18:42:27.815] [warning] [Session] Timeout (20s), closing socket
[2025-10-07 18:42:27.815] [warning] [Session] Timeout (20s), closing socket
[2025-10-07 18:42:27.815] [warning] [Session] Timeout (20s), closing socket
[2025-10-07 18:42:27.815] [warning] [Session] Timeout (20s), closing socket
[2025-10-07 18:42:27.815] [warning] [Session] Timeout (20s), closing socket
[2025-10-07 18:42:27.815] [warning] [Session] Timeout (20s), closing socket
[2025-10-07 18:42:27.815] [warning] [Session] Timeout (20s), closing socket
[2025-10-07 18:42:27.815] [warning] [Session] Timeout (20s), closing socket
[2025-10-07 18:42:27.815] [warning] [Session] Timeout (20s), closing socket
[2025-10-07 18:42:27.815] [warning] [Session] Timeout (20s), closing socket
[2025-10-07 18:42:27.815] [warning] [Session] Timeout (20s), closing socket
[2025-10-07 18:42:27.815] [warning] [Session] Timeout (20s), closing socket
[2025-10-07 18:42:27.815] [warning] [Session] Timeout (20s), closing socket
[2025-10-07 18:42:27.815] [warning] [Session] Timeout (20s), closing socket
[2025-10-07 18:42:27.815] [warning] [Session] Timeout (20s), closing socket
[2025-10-07 18:42:27.815] [warning] [Session] Timeout (20s), closing socket
[2025-10-07 18:42:27.815] [warning] [Session] Timeout (20s), closing socket
[2025-10-07 18:42:27.815] [warning] [Session] Timeout (20s), closing socket
[2025-10-07 18:42:27.815] [warning] [Session] Timeout (20s), closing socket
[2025-10-07 18:42:27.815] [warning] [Session] Timeout (20s), closing socket
[2025-10-07 18:42:27.815] [warning] [Session] Timeout (20s), closing socket
[2025-10-07 18:42:27.815] [warning] [Session] Timeout (20s), closing socket
[2025-10-07 18:42:27.815] [warning] [Session] Timeout (20s), closing socket
[2025-10-07 18:42:27.815] [warning] [Session] Timeout (20s), closing socket
[2025-10-07 18:42:27.815] [warning] [Session] Timeout (20s), closing socket
[2025-10-07 18:42:27.815] [warning] [Session] Timeout (20s), closing socket
[2025-10-07 18:42:27.815] [warning] [Session] Timeout (20s), closing socket
[2025-10-07 18:42:27.815] [warning] [Session] Timeout (20s), closing socket
[2025-10-07 18:42:27.815] [warning] [Session] Timeout (20s), closing socket
[2025-10-07 18:42:27.815] [warning] [Session] Timeout (20s), closing socket
[2025-10-07 18:42:27.815] [warning] [Session] Timeout (20s), closing socket
[2025-10-07 18:42:27.815] [warning] [Session] Timeout (20s), closing socket
[2025-10-07 18:42:27.815] [warning] [Session] Timeout (20s), closing socket
[2025-10-07 18:42:27.815] [warning] [Session] Timeout (20s), closing socket
[2025-10-07 18:42:27.815] [warning] [Session] Timeout (20s), closing socket
[2025-10-07 18:42:27.816] [warning] [Session] Timeout (20s), closing socket
[2025-10-07 18:42:27.816] [warning] [Session] Timeout (20s), closing socket
[2025-10-07 18:42:27.816] [warning] [Session] Timeout (20s), closing socket
[2025-10-07 18:42:27.816] [warning] [Session] Timeout (20s), closing socket
[2025-10-07 18:42:27.816] [warning] [Session] Timeout (20s), closing socket
[2025-10-07 18:42:27.816] [warning] [Session] Timeout (20s), closing socket
[2025-10-07 18:42:27.816] [warning] [Session] Timeout (20s), closing socket
[2025-10-07 18:42:27.816] [warning] [Session] Timeout (20s), closing socket
[2025-10-07 18:42:27.816] [warning] [Session] Timeout (20s), closing socket
[2025-10-07 18:42:27.816] [warning] [Session] Timeout (20s), closing socket
[2025-10-07 18:42:27.816] [warning] [Session] Timeout (20s), closing socket
[2025-10-07 18:42:27.816] [warning] [Session] Timeout (20s), closing socket
[2025-10-07 18:42:27.816] [warning] [Session] Timeout (20s), closing socket
[2025-10-07 18:42:27.816] [warning] [Session] Timeout (20s), closing socket
[2025-10-07 18:42:27.816] [warning] [Session] Timeout (20s), closing socket
[2025-10-07 18:42:27.816] [warning] [Session] Timeout (20s), closing socket
[2025-10-07 18:42:27.816] [warning] [Session] Timeout (20s), closing socket
[2025-10-07 18:42:27.816] [warning] [Session] Timeout (20s), closing socket
[2025-10-07 18:42:27.816] [warning] [Session] Timeout (20s), closing socket
[2025-10-07 18:42:27.816] [warning] [Session] Timeout (20s), closing socket
[2025-10-07 18:42:27.816] [warning] [Session] Timeout (20s), closing socket
[2025-10-07 18:42:27.816] [warning] [Session] Timeout (20s), closing socket
[2025-10-07 18:42:27.816] [warning] [Session] Timeout (20s), closing socket
[2025-10-07 18:42:27.816] [warning] [Session] Timeout (20s), closing socket
[2025-10-07 18:42:27.816] [warning] [Session] Timeout (20s), closing socket
[2025-10-07 18:42:27.816] [warning] [Session] Timeout (20s), closing socket
[2025-10-07 18:42:27.816] [warning] [Session] Timeout (20s), closing socket
[2025-10-07 18:42:27.816] [warning] [Session] Timeout (20s), closing socket
[2025-10-07 18:42:27.816] [warning] [Session] Timeout (20s), closing socket
[2025-10-07 18:42:27.816] [warning] [Session] Timeout (20s), closing socket
[2025-10-07 18:42:27.816] [warning] [Session] Timeout (20s), closing socket
[2025-10-07 18:42:27.816] [warning] [Session] Timeout (20s), closing socket
[2025-10-07 18:42:27.816] [warning] [Session] Timeout (20s), closing socket
[2025-10-07 18:42:27.817] [warning] [Session] Timeout (20s), closing socket
[2025-10-07 18:42:27.817] [warning] [Session] Timeout (20s), closing socket
[2025-10-07 18:42:27.817] [warning] [Session] Timeout (20s), closing socket
[2025-10-07 18:42:27.817] [warning] [Session] Timeout (20s), closing socket
[2025-10-07 18:42:27.817] [warning] [Session] Timeout (20s), closing socket
[2025-10-07 18:42:27.817] [warning] [Session] Timeout (20s), closing socket
[2025-10-07 18:42:27.817] [warning] [Session] Timeout (20s), closing socket
[2025-10-07 18:42:27.817] [warning] [Session] Timeout (20s), closing socket
[2025-10-07 18:42:27.818] [warning] [Session] Timeout (20s), closing socket
[2025-10-07 18:42:27.818] [warning] [Session] Timeout (20s), closing socket
[2025-10-07 18:42:27.818] [warning] [Session] Timeout (20s), closing socket
[2025-10-07 18:42:27.818] [warning] [Session] Timeout (20s), closing socket
[2025-10-07 18:42:27.818] [warning] [Session] Timeout (20s), closing socket
[2025-10-07 18:42:27.818] [warning] [Session] Timeout (20s), closing socket
[2025-10-07 18:42:27.818] [warning] [Session] Timeout (20s), closing socket
[2025-10-07 18:42:27.818] [warning] [Session] Timeout (20s), closing socket
[2025-10-07 18:42:27.818] [warning] [Session] Timeout (20s), closing socket
[2025-10-07 18:42:27.818] [warning] [Session] Timeout (20s), closing socket
[2025-10-07 18:42:27.818] [warning] [Session] Timeout (20s), closing socket
[2025-10-07 18:42:27.818] [warning] [Session] Timeout (20s), closing socket
[2025-10-07 18:42:27.818] [warning] [Session] Timeout (20s), closing socket
[2025-10-07 18:42:27.818] [warning] [Session] Timeout (20s), closing socket
[2025-10-07 18:42:27.818] [warning] [Session] Timeout (20s), closing socket
[2025-10-07 18:42:27.818] [warning] [Session] Timeout (20s), closing socket
[2025-10-07 18:42:27.819] [warning] [Session] Timeout (20s), closing socket
[2025-10-07 18:42:27.819] [warning] [Session] Timeout (20s), closing socket
[2025-10-07 18:42:27.819] [warning] [Session] Timeout (20s), closing socket
[2025-10-07 18:42:27.819] [warning] [Session] Timeout (20s), closing socket
[2025-10-07 18:42:27.819] [warning] [Session] Timeout (20s), closing socket
[2025-10-07 18:42:27.819] [warning] [Session] Timeout (20s), closing socket
[2025-10-07 18:42:27.819] [warning] [Session] Timeout (20s), closing socket
[2025-10-07 18:42:27.819] [warning] [Session] Timeout (20s), closing socket
[2025-10-07 18:42:27.819] [warning] [Session] Timeout (20s), closing socket
[2025-10-07 18:42:27.819] [warning] [Session] Timeout (20s), closing socket
[2025-10-07 18:42:27.819] [warning] [Session] Timeout (20s), closing socket
[2025-10-07 18:42:27.819] [warning] [Session] Timeout (20s), closing socket
[2025-10-07 18:42:27.819] [warning] [Session] Timeout (20s), closing socket
[2025-10-07 18:42:27.819] [warning] [Session] Timeout (20s), closing socket
[2025-10-07 18:42:27.819] [warning] [Session] Timeout (20s), closing socket
[2025-10-07 18:42:27.819] [warning] [Session] Timeout (20s), closing socket
[2025-10-07 18:42:27.819] [warning] [Session] Timeout (20s), closing socket
[2025-10-07 18:42:27.819] [warning] [Session] Timeout (20s), closing socket
[2025-10-07 18:42:27.819] [warning] [Session] Timeout (20s), closing socket
[2025-10-07 18:42:27.819] [warning] [Session] Timeout (20s), closing socket
[2025-10-07 18:42:27.819] [warning] [Session] Timeout (20s), closing socket
[2025-10-07 18:42:27.820] [warning] [Session] Timeout (20s), closing socket
[2025-10-07 18:42:27.820] [warning] [Session] Timeout (20s), closing socket
[2025-10-07 18:42:27.820] [warning] [Session] Timeout (20s), closing socket
[2025-10-07 18:42:27.820] [warning] [Session] Timeout (20s), closing socket
[2025-10-07 18:42:27.820] [warning] [Session] Timeout (20s), closing socket
[2025-10-07 18:42:27.820] [warning] [Session] Timeout (20s), closing socket
[2025-10-07 18:42:27.820] [warning] [Session] Timeout (20s), closing socket
[2025-10-07 18:42:27.820] [warning] [Session] Timeout (20s), closing socket
[2025-10-07 18:42:27.820] [warning] [Session] Timeout (20s), closing socket
[2025-10-07 18:42:27.820] [warning] [Session] Timeout (20s), closing socket
[2025-10-07 18:42:27.820] [warning] [Session] Timeout (20s), closing socket
[2025-10-07 18:42:27.820] [warning] [Session] Timeout (20s), closing socket
[2025-10-07 18:42:27.820] [warning] [Session] Timeout (20s), closing socket
[2025-10-07 18:42:27.820] [warning] [Session] Timeout (20s), closing socket
[2025-10-07 18:42:27.820] [warning] [Session] Timeout (20s), closing socket
[2025-10-07 18:42:27.820] [warning] [Session] Timeout (20s), closing socket
[2025-10-07 18:43:21.104] [vixLogger] [info] Using configuration file: /home/softadastra/vixcpp/vix/config/config.json
[2025-10-07 18:43:21.104] [vixLogger] [info] Config loaded from /home/softadastra/vixcpp/vix/config/config.json
[2025-10-07 18:43:21.105] [vixLogger] [info] Acceptor initialized on port 8080
[2025-10-07 18:43:21.105] [vixLogger] [info] Server request timeout set to 5000 ms
